Compiled jquery.js  (15ms)  (pid 1463)
Compiled jquery_ujs.js  (0ms)  (pid 1463)
Compiled static_pages.js  (176ms)  (pid 1463)
Compiled users.js  (95ms)  (pid 1463)
Compiled application.js  (381ms)  (pid 1463)
Warning. Error encountered while saving cache /Users/test/Desktop/rails-projects/sample-app/tmp/cache/sass/6935e823d3f4e90d692106a88e4cb62b447e348f/custom.css.scssc: can't dump anonymous class #<Class:0x007f99a66f7268>
Warning. Error encountered while saving cache /Users/test/Desktop/rails-projects/sample-app/tmp/cache/sass/2d70bcc1632810f46dc13adb7e617f5428de187d/_bootstrap.scssc: can't dump anonymous class #<Class:0x007f99a66f7268>
Warning. Error encountered while saving cache /Users/test/Desktop/rails-projects/sample-app/tmp/cache/sass/4c5a6b9058a6286b96a5971a3a6598d4044e0ba0/_variables.scssc: can't dump anonymous class #<Class:0x007f99a66f7268>
Warning. Error encountered while saving cache /Users/test/Desktop/rails-projects/sample-app/tmp/cache/sass/4c5a6b9058a6286b96a5971a3a6598d4044e0ba0/_mixins.scssc: can't dump anonymous class #<Class:0x007f99a66f7268>
Warning. Error encountered while saving cache /Users/test/Desktop/rails-projects/sample-app/tmp/cache/sass/4c5a6b9058a6286b96a5971a3a6598d4044e0ba0/_reset.scssc: can't dump anonymous class #<Class:0x007f99a66f7268>
Warning. Error encountered while saving cache /Users/test/Desktop/rails-projects/sample-app/tmp/cache/sass/4c5a6b9058a6286b96a5971a3a6598d4044e0ba0/_scaffolding.scssc: can't dump anonymous class #<Class:0x007f99a66f7268>
Warning. Error encountered while saving cache /Users/test/Desktop/rails-projects/sample-app/tmp/cache/sass/4c5a6b9058a6286b96a5971a3a6598d4044e0ba0/_grid.scssc: can't dump anonymous class #<Class:0x007f99a66f7268>
Warning. Error encountered while saving cache /Users/test/Desktop/rails-projects/sample-app/tmp/cache/sass/4c5a6b9058a6286b96a5971a3a6598d4044e0ba0/_layouts.scssc: can't dump anonymous class #<Class:0x007f99a66f7268>
Warning. Error encountered while saving cache /Users/test/Desktop/rails-projects/sample-app/tmp/cache/sass/4c5a6b9058a6286b96a5971a3a6598d4044e0ba0/_type.scssc: can't dump anonymous class #<Class:0x007f99a66f7268>
Warning. Error encountered while saving cache /Users/test/Desktop/rails-projects/sample-app/tmp/cache/sass/4c5a6b9058a6286b96a5971a3a6598d4044e0ba0/_code.scssc: can't dump anonymous class #<Class:0x007f99a66f7268>
Warning. Error encountered while saving cache /Users/test/Desktop/rails-projects/sample-app/tmp/cache/sass/4c5a6b9058a6286b96a5971a3a6598d4044e0ba0/_forms.scssc: can't dump anonymous class #<Class:0x007f99a66f7268>
Warning. Error encountered while saving cache /Users/test/Desktop/rails-projects/sample-app/tmp/cache/sass/4c5a6b9058a6286b96a5971a3a6598d4044e0ba0/_tables.scssc: can't dump anonymous class #<Class:0x007f99a66f7268>
Warning. Error encountered while saving cache /Users/test/Desktop/rails-projects/sample-app/tmp/cache/sass/4c5a6b9058a6286b96a5971a3a6598d4044e0ba0/_sprites.scssc: can't dump anonymous class #<Class:0x007f99a66f7268>
Warning. Error encountered while saving cache /Users/test/Desktop/rails-projects/sample-app/tmp/cache/sass/4c5a6b9058a6286b96a5971a3a6598d4044e0ba0/_dropdowns.scssc: can't dump anonymous class #<Class:0x007f99a66f7268>
Warning. Error encountered while saving cache /Users/test/Desktop/rails-projects/sample-app/tmp/cache/sass/4c5a6b9058a6286b96a5971a3a6598d4044e0ba0/_wells.scssc: can't dump anonymous class #<Class:0x007f99a66f7268>
Warning. Error encountered while saving cache /Users/test/Desktop/rails-projects/sample-app/tmp/cache/sass/4c5a6b9058a6286b96a5971a3a6598d4044e0ba0/_component-animations.scssc: can't dump anonymous class #<Class:0x007f99a66f7268>
Warning. Error encountered while saving cache /Users/test/Desktop/rails-projects/sample-app/tmp/cache/sass/4c5a6b9058a6286b96a5971a3a6598d4044e0ba0/_close.scssc: can't dump anonymous class #<Class:0x007f99a66f7268>
Warning. Error encountered while saving cache /Users/test/Desktop/rails-projects/sample-app/tmp/cache/sass/4c5a6b9058a6286b96a5971a3a6598d4044e0ba0/_buttons.scssc: can't dump anonymous class #<Class:0x007f99a66f7268>
Warning. Error encountered while saving cache /Users/test/Desktop/rails-projects/sample-app/tmp/cache/sass/4c5a6b9058a6286b96a5971a3a6598d4044e0ba0/_button-groups.scssc: can't dump anonymous class #<Class:0x007f99a66f7268>
Warning. Error encountered while saving cache /Users/test/Desktop/rails-projects/sample-app/tmp/cache/sass/4c5a6b9058a6286b96a5971a3a6598d4044e0ba0/_alerts.scssc: can't dump anonymous class #<Class:0x007f99a66f7268>
Warning. Error encountered while saving cache /Users/test/Desktop/rails-projects/sample-app/tmp/cache/sass/4c5a6b9058a6286b96a5971a3a6598d4044e0ba0/_navs.scssc: can't dump anonymous class #<Class:0x007f99a66f7268>
Warning. Error encountered while saving cache /Users/test/Desktop/rails-projects/sample-app/tmp/cache/sass/4c5a6b9058a6286b96a5971a3a6598d4044e0ba0/_navbar.scssc: can't dump anonymous class #<Class:0x007f99a66f7268>
Warning. Error encountered while saving cache /Users/test/Desktop/rails-projects/sample-app/tmp/cache/sass/4c5a6b9058a6286b96a5971a3a6598d4044e0ba0/_breadcrumbs.scssc: can't dump anonymous class #<Class:0x007f99a66f7268>
Warning. Error encountered while saving cache /Users/test/Desktop/rails-projects/sample-app/tmp/cache/sass/4c5a6b9058a6286b96a5971a3a6598d4044e0ba0/_pagination.scssc: can't dump anonymous class #<Class:0x007f99a66f7268>
Warning. Error encountered while saving cache /Users/test/Desktop/rails-projects/sample-app/tmp/cache/sass/4c5a6b9058a6286b96a5971a3a6598d4044e0ba0/_pager.scssc: can't dump anonymous class #<Class:0x007f99a66f7268>
Warning. Error encountered while saving cache /Users/test/Desktop/rails-projects/sample-app/tmp/cache/sass/4c5a6b9058a6286b96a5971a3a6598d4044e0ba0/_modals.scssc: can't dump anonymous class #<Class:0x007f99a66f7268>
Warning. Error encountered while saving cache /Users/test/Desktop/rails-projects/sample-app/tmp/cache/sass/4c5a6b9058a6286b96a5971a3a6598d4044e0ba0/_tooltip.scssc: can't dump anonymous class #<Class:0x007f99a66f7268>
Warning. Error encountered while saving cache /Users/test/Desktop/rails-projects/sample-app/tmp/cache/sass/4c5a6b9058a6286b96a5971a3a6598d4044e0ba0/_popovers.scssc: can't dump anonymous class #<Class:0x007f99a66f7268>
Warning. Error encountered while saving cache /Users/test/Desktop/rails-projects/sample-app/tmp/cache/sass/4c5a6b9058a6286b96a5971a3a6598d4044e0ba0/_thumbnails.scssc: can't dump anonymous class #<Class:0x007f99a66f7268>
Warning. Error encountered while saving cache /Users/test/Desktop/rails-projects/sample-app/tmp/cache/sass/4c5a6b9058a6286b96a5971a3a6598d4044e0ba0/_labels.scssc: can't dump anonymous class #<Class:0x007f99a66f7268>
Warning. Error encountered while saving cache /Users/test/Desktop/rails-projects/sample-app/tmp/cache/sass/4c5a6b9058a6286b96a5971a3a6598d4044e0ba0/_progress-bars.scssc: can't dump anonymous class #<Class:0x007f99a66f7268>
Warning. Error encountered while saving cache /Users/test/Desktop/rails-projects/sample-app/tmp/cache/sass/4c5a6b9058a6286b96a5971a3a6598d4044e0ba0/_accordion.scssc: can't dump anonymous class #<Class:0x007f99a66f7268>
Warning. Error encountered while saving cache /Users/test/Desktop/rails-projects/sample-app/tmp/cache/sass/4c5a6b9058a6286b96a5971a3a6598d4044e0ba0/_carousel.scssc: can't dump anonymous class #<Class:0x007f99a66f7268>
Warning. Error encountered while saving cache /Users/test/Desktop/rails-projects/sample-app/tmp/cache/sass/4c5a6b9058a6286b96a5971a3a6598d4044e0ba0/_hero-unit.scssc: can't dump anonymous class #<Class:0x007f99a66f7268>
Warning. Error encountered while saving cache /Users/test/Desktop/rails-projects/sample-app/tmp/cache/sass/4c5a6b9058a6286b96a5971a3a6598d4044e0ba0/_utilities.scssc: can't dump anonymous class #<Class:0x007f99a66f7268>
Compiled custom.css  (1003ms)  (pid 1463)
Warning. Error encountered while saving cache /Users/test/Desktop/rails-projects/sample-app/tmp/cache/sass/6935e823d3f4e90d692106a88e4cb62b447e348f/static_pages.css.scssc: can't dump anonymous class #<Class:0x007f99a66f7268>
Compiled static_pages.css  (2ms)  (pid 1463)
Warning. Error encountered while saving cache /Users/test/Desktop/rails-projects/sample-app/tmp/cache/sass/6935e823d3f4e90d692106a88e4cb62b447e348f/users.css.scssc: can't dump anonymous class #<Class:0x007f99a66f7268>
Compiled users.css  (2ms)  (pid 1463)
Compiled application.css  (1088ms)  (pid 1463)
Compiled jquery.js  (13ms)  (pid 1463)
Compiled jquery_ujs.js  (0ms)  (pid 1463)
Compiled static_pages.js  (49ms)  (pid 1463)
Compiled users.js  (66ms)  (pid 1463)
Compiled application.js  (152ms)  (pid 1463)
Warning. Error encountered while saving cache /Users/test/Desktop/rails-projects/sample-app/tmp/cache/sass/6935e823d3f4e90d692106a88e4cb62b447e348f/custom.css.scssc: can't dump anonymous class #<Class:0x007f8dbdbdf248>
Warning. Error encountered while saving cache /Users/test/Desktop/rails-projects/sample-app/tmp/cache/sass/2d70bcc1632810f46dc13adb7e617f5428de187d/_bootstrap.scssc: can't dump anonymous class #<Class:0x007f8dbdbdf248>
Warning. Error encountered while saving cache /Users/test/Desktop/rails-projects/sample-app/tmp/cache/sass/4c5a6b9058a6286b96a5971a3a6598d4044e0ba0/_variables.scssc: can't dump anonymous class #<Class:0x007f8dbdbdf248>
Warning. Error encountered while saving cache /Users/test/Desktop/rails-projects/sample-app/tmp/cache/sass/4c5a6b9058a6286b96a5971a3a6598d4044e0ba0/_mixins.scssc: can't dump anonymous class #<Class:0x007f8dbdbdf248>
Warning. Error encountered while saving cache /Users/test/Desktop/rails-projects/sample-app/tmp/cache/sass/4c5a6b9058a6286b96a5971a3a6598d4044e0ba0/_reset.scssc: can't dump anonymous class #<Class:0x007f8dbdbdf248>
Warning. Error encountered while saving cache /Users/test/Desktop/rails-projects/sample-app/tmp/cache/sass/4c5a6b9058a6286b96a5971a3a6598d4044e0ba0/_scaffolding.scssc: can't dump anonymous class #<Class:0x007f8dbdbdf248>
Warning. Error encountered while saving cache /Users/test/Desktop/rails-projects/sample-app/tmp/cache/sass/4c5a6b9058a6286b96a5971a3a6598d4044e0ba0/_grid.scssc: can't dump anonymous class #<Class:0x007f8dbdbdf248>
Warning. Error encountered while saving cache /Users/test/Desktop/rails-projects/sample-app/tmp/cache/sass/4c5a6b9058a6286b96a5971a3a6598d4044e0ba0/_layouts.scssc: can't dump anonymous class #<Class:0x007f8dbdbdf248>
Warning. Error encountered while saving cache /Users/test/Desktop/rails-projects/sample-app/tmp/cache/sass/4c5a6b9058a6286b96a5971a3a6598d4044e0ba0/_type.scssc: can't dump anonymous class #<Class:0x007f8dbdbdf248>
Warning. Error encountered while saving cache /Users/test/Desktop/rails-projects/sample-app/tmp/cache/sass/4c5a6b9058a6286b96a5971a3a6598d4044e0ba0/_code.scssc: can't dump anonymous class #<Class:0x007f8dbdbdf248>
Warning. Error encountered while saving cache /Users/test/Desktop/rails-projects/sample-app/tmp/cache/sass/4c5a6b9058a6286b96a5971a3a6598d4044e0ba0/_forms.scssc: can't dump anonymous class #<Class:0x007f8dbdbdf248>
Warning. Error encountered while saving cache /Users/test/Desktop/rails-projects/sample-app/tmp/cache/sass/4c5a6b9058a6286b96a5971a3a6598d4044e0ba0/_tables.scssc: can't dump anonymous class #<Class:0x007f8dbdbdf248>
Warning. Error encountered while saving cache /Users/test/Desktop/rails-projects/sample-app/tmp/cache/sass/4c5a6b9058a6286b96a5971a3a6598d4044e0ba0/_sprites.scssc: can't dump anonymous class #<Class:0x007f8dbdbdf248>
Warning. Error encountered while saving cache /Users/test/Desktop/rails-projects/sample-app/tmp/cache/sass/4c5a6b9058a6286b96a5971a3a6598d4044e0ba0/_dropdowns.scssc: can't dump anonymous class #<Class:0x007f8dbdbdf248>
Warning. Error encountered while saving cache /Users/test/Desktop/rails-projects/sample-app/tmp/cache/sass/4c5a6b9058a6286b96a5971a3a6598d4044e0ba0/_wells.scssc: can't dump anonymous class #<Class:0x007f8dbdbdf248>
Warning. Error encountered while saving cache /Users/test/Desktop/rails-projects/sample-app/tmp/cache/sass/4c5a6b9058a6286b96a5971a3a6598d4044e0ba0/_component-animations.scssc: can't dump anonymous class #<Class:0x007f8dbdbdf248>
Warning. Error encountered while saving cache /Users/test/Desktop/rails-projects/sample-app/tmp/cache/sass/4c5a6b9058a6286b96a5971a3a6598d4044e0ba0/_close.scssc: can't dump anonymous class #<Class:0x007f8dbdbdf248>
Warning. Error encountered while saving cache /Users/test/Desktop/rails-projects/sample-app/tmp/cache/sass/4c5a6b9058a6286b96a5971a3a6598d4044e0ba0/_buttons.scssc: can't dump anonymous class #<Class:0x007f8dbdbdf248>
Warning. Error encountered while saving cache /Users/test/Desktop/rails-projects/sample-app/tmp/cache/sass/4c5a6b9058a6286b96a5971a3a6598d4044e0ba0/_button-groups.scssc: can't dump anonymous class #<Class:0x007f8dbdbdf248>
Warning. Error encountered while saving cache /Users/test/Desktop/rails-projects/sample-app/tmp/cache/sass/4c5a6b9058a6286b96a5971a3a6598d4044e0ba0/_alerts.scssc: can't dump anonymous class #<Class:0x007f8dbdbdf248>
Warning. Error encountered while saving cache /Users/test/Desktop/rails-projects/sample-app/tmp/cache/sass/4c5a6b9058a6286b96a5971a3a6598d4044e0ba0/_navs.scssc: can't dump anonymous class #<Class:0x007f8dbdbdf248>
Warning. Error encountered while saving cache /Users/test/Desktop/rails-projects/sample-app/tmp/cache/sass/4c5a6b9058a6286b96a5971a3a6598d4044e0ba0/_navbar.scssc: can't dump anonymous class #<Class:0x007f8dbdbdf248>
Warning. Error encountered while saving cache /Users/test/Desktop/rails-projects/sample-app/tmp/cache/sass/4c5a6b9058a6286b96a5971a3a6598d4044e0ba0/_breadcrumbs.scssc: can't dump anonymous class #<Class:0x007f8dbdbdf248>
Warning. Error encountered while saving cache /Users/test/Desktop/rails-projects/sample-app/tmp/cache/sass/4c5a6b9058a6286b96a5971a3a6598d4044e0ba0/_pagination.scssc: can't dump anonymous class #<Class:0x007f8dbdbdf248>
Warning. Error encountered while saving cache /Users/test/Desktop/rails-projects/sample-app/tmp/cache/sass/4c5a6b9058a6286b96a5971a3a6598d4044e0ba0/_pager.scssc: can't dump anonymous class #<Class:0x007f8dbdbdf248>
Warning. Error encountered while saving cache /Users/test/Desktop/rails-projects/sample-app/tmp/cache/sass/4c5a6b9058a6286b96a5971a3a6598d4044e0ba0/_modals.scssc: can't dump anonymous class #<Class:0x007f8dbdbdf248>
Warning. Error encountered while saving cache /Users/test/Desktop/rails-projects/sample-app/tmp/cache/sass/4c5a6b9058a6286b96a5971a3a6598d4044e0ba0/_tooltip.scssc: can't dump anonymous class #<Class:0x007f8dbdbdf248>
Warning. Error encountered while saving cache /Users/test/Desktop/rails-projects/sample-app/tmp/cache/sass/4c5a6b9058a6286b96a5971a3a6598d4044e0ba0/_popovers.scssc: can't dump anonymous class #<Class:0x007f8dbdbdf248>
Warning. Error encountered while saving cache /Users/test/Desktop/rails-projects/sample-app/tmp/cache/sass/4c5a6b9058a6286b96a5971a3a6598d4044e0ba0/_thumbnails.scssc: can't dump anonymous class #<Class:0x007f8dbdbdf248>
Warning. Error encountered while saving cache /Users/test/Desktop/rails-projects/sample-app/tmp/cache/sass/4c5a6b9058a6286b96a5971a3a6598d4044e0ba0/_labels.scssc: can't dump anonymous class #<Class:0x007f8dbdbdf248>
Warning. Error encountered while saving cache /Users/test/Desktop/rails-projects/sample-app/tmp/cache/sass/4c5a6b9058a6286b96a5971a3a6598d4044e0ba0/_progress-bars.scssc: can't dump anonymous class #<Class:0x007f8dbdbdf248>
Warning. Error encountered while saving cache /Users/test/Desktop/rails-projects/sample-app/tmp/cache/sass/4c5a6b9058a6286b96a5971a3a6598d4044e0ba0/_accordion.scssc: can't dump anonymous class #<Class:0x007f8dbdbdf248>
Warning. Error encountered while saving cache /Users/test/Desktop/rails-projects/sample-app/tmp/cache/sass/4c5a6b9058a6286b96a5971a3a6598d4044e0ba0/_carousel.scssc: can't dump anonymous class #<Class:0x007f8dbdbdf248>
Warning. Error encountered while saving cache /Users/test/Desktop/rails-projects/sample-app/tmp/cache/sass/4c5a6b9058a6286b96a5971a3a6598d4044e0ba0/_hero-unit.scssc: can't dump anonymous class #<Class:0x007f8dbdbdf248>
Warning. Error encountered while saving cache /Users/test/Desktop/rails-projects/sample-app/tmp/cache/sass/4c5a6b9058a6286b96a5971a3a6598d4044e0ba0/_utilities.scssc: can't dump anonymous class #<Class:0x007f8dbdbdf248>
Compiled custom.css  (854ms)  (pid 1463)
Warning. Error encountered while saving cache /Users/test/Desktop/rails-projects/sample-app/tmp/cache/sass/6935e823d3f4e90d692106a88e4cb62b447e348f/static_pages.css.scssc: can't dump anonymous class #<Class:0x007f8dbdbdf248>
Compiled static_pages.css  (1ms)  (pid 1463)
Warning. Error encountered while saving cache /Users/test/Desktop/rails-projects/sample-app/tmp/cache/sass/6935e823d3f4e90d692106a88e4cb62b447e348f/users.css.scssc: can't dump anonymous class #<Class:0x007f8dbdbdf248>
Compiled users.css  (1ms)  (pid 1463)
Compiled application.css  (870ms)  (pid 1463)
Compiled jquery.js  (16ms)  (pid 1580)
Compiled jquery_ujs.js  (0ms)  (pid 1580)
Compiled static_pages.js  (49ms)  (pid 1580)
Compiled users.js  (64ms)  (pid 1580)
Compiled application.js  (154ms)  (pid 1580)
Warning. Error encountered while saving cache /Users/test/Desktop/rails-projects/sample-app/tmp/cache/sass/6935e823d3f4e90d692106a88e4cb62b447e348f/custom.css.scssc: can't dump anonymous class #<Class:0x007ffc673d5188>
Warning. Error encountered while saving cache /Users/test/Desktop/rails-projects/sample-app/tmp/cache/sass/2d70bcc1632810f46dc13adb7e617f5428de187d/_bootstrap.scssc: can't dump anonymous class #<Class:0x007ffc673d5188>
Warning. Error encountered while saving cache /Users/test/Desktop/rails-projects/sample-app/tmp/cache/sass/4c5a6b9058a6286b96a5971a3a6598d4044e0ba0/_variables.scssc: can't dump anonymous class #<Class:0x007ffc673d5188>
Warning. Error encountered while saving cache /Users/test/Desktop/rails-projects/sample-app/tmp/cache/sass/4c5a6b9058a6286b96a5971a3a6598d4044e0ba0/_mixins.scssc: can't dump anonymous class #<Class:0x007ffc673d5188>
Warning. Error encountered while saving cache /Users/test/Desktop/rails-projects/sample-app/tmp/cache/sass/4c5a6b9058a6286b96a5971a3a6598d4044e0ba0/_reset.scssc: can't dump anonymous class #<Class:0x007ffc673d5188>
Warning. Error encountered while saving cache /Users/test/Desktop/rails-projects/sample-app/tmp/cache/sass/4c5a6b9058a6286b96a5971a3a6598d4044e0ba0/_scaffolding.scssc: can't dump anonymous class #<Class:0x007ffc673d5188>
Warning. Error encountered while saving cache /Users/test/Desktop/rails-projects/sample-app/tmp/cache/sass/4c5a6b9058a6286b96a5971a3a6598d4044e0ba0/_grid.scssc: can't dump anonymous class #<Class:0x007ffc673d5188>
Warning. Error encountered while saving cache /Users/test/Desktop/rails-projects/sample-app/tmp/cache/sass/4c5a6b9058a6286b96a5971a3a6598d4044e0ba0/_layouts.scssc: can't dump anonymous class #<Class:0x007ffc673d5188>
Warning. Error encountered while saving cache /Users/test/Desktop/rails-projects/sample-app/tmp/cache/sass/4c5a6b9058a6286b96a5971a3a6598d4044e0ba0/_type.scssc: can't dump anonymous class #<Class:0x007ffc673d5188>
Warning. Error encountered while saving cache /Users/test/Desktop/rails-projects/sample-app/tmp/cache/sass/4c5a6b9058a6286b96a5971a3a6598d4044e0ba0/_code.scssc: can't dump anonymous class #<Class:0x007ffc673d5188>
Warning. Error encountered while saving cache /Users/test/Desktop/rails-projects/sample-app/tmp/cache/sass/4c5a6b9058a6286b96a5971a3a6598d4044e0ba0/_forms.scssc: can't dump anonymous class #<Class:0x007ffc673d5188>
Warning. Error encountered while saving cache /Users/test/Desktop/rails-projects/sample-app/tmp/cache/sass/4c5a6b9058a6286b96a5971a3a6598d4044e0ba0/_tables.scssc: can't dump anonymous class #<Class:0x007ffc673d5188>
Warning. Error encountered while saving cache /Users/test/Desktop/rails-projects/sample-app/tmp/cache/sass/4c5a6b9058a6286b96a5971a3a6598d4044e0ba0/_sprites.scssc: can't dump anonymous class #<Class:0x007ffc673d5188>
Warning. Error encountered while saving cache /Users/test/Desktop/rails-projects/sample-app/tmp/cache/sass/4c5a6b9058a6286b96a5971a3a6598d4044e0ba0/_dropdowns.scssc: can't dump anonymous class #<Class:0x007ffc673d5188>
Warning. Error encountered while saving cache /Users/test/Desktop/rails-projects/sample-app/tmp/cache/sass/4c5a6b9058a6286b96a5971a3a6598d4044e0ba0/_wells.scssc: can't dump anonymous class #<Class:0x007ffc673d5188>
Warning. Error encountered while saving cache /Users/test/Desktop/rails-projects/sample-app/tmp/cache/sass/4c5a6b9058a6286b96a5971a3a6598d4044e0ba0/_component-animations.scssc: can't dump anonymous class #<Class:0x007ffc673d5188>
Warning. Error encountered while saving cache /Users/test/Desktop/rails-projects/sample-app/tmp/cache/sass/4c5a6b9058a6286b96a5971a3a6598d4044e0ba0/_close.scssc: can't dump anonymous class #<Class:0x007ffc673d5188>
Warning. Error encountered while saving cache /Users/test/Desktop/rails-projects/sample-app/tmp/cache/sass/4c5a6b9058a6286b96a5971a3a6598d4044e0ba0/_buttons.scssc: can't dump anonymous class #<Class:0x007ffc673d5188>
Warning. Error encountered while saving cache /Users/test/Desktop/rails-projects/sample-app/tmp/cache/sass/4c5a6b9058a6286b96a5971a3a6598d4044e0ba0/_button-groups.scssc: can't dump anonymous class #<Class:0x007ffc673d5188>
Warning. Error encountered while saving cache /Users/test/Desktop/rails-projects/sample-app/tmp/cache/sass/4c5a6b9058a6286b96a5971a3a6598d4044e0ba0/_alerts.scssc: can't dump anonymous class #<Class:0x007ffc673d5188>
Warning. Error encountered while saving cache /Users/test/Desktop/rails-projects/sample-app/tmp/cache/sass/4c5a6b9058a6286b96a5971a3a6598d4044e0ba0/_navs.scssc: can't dump anonymous class #<Class:0x007ffc673d5188>
Warning. Error encountered while saving cache /Users/test/Desktop/rails-projects/sample-app/tmp/cache/sass/4c5a6b9058a6286b96a5971a3a6598d4044e0ba0/_navbar.scssc: can't dump anonymous class #<Class:0x007ffc673d5188>
Warning. Error encountered while saving cache /Users/test/Desktop/rails-projects/sample-app/tmp/cache/sass/4c5a6b9058a6286b96a5971a3a6598d4044e0ba0/_breadcrumbs.scssc: can't dump anonymous class #<Class:0x007ffc673d5188>
Warning. Error encountered while saving cache /Users/test/Desktop/rails-projects/sample-app/tmp/cache/sass/4c5a6b9058a6286b96a5971a3a6598d4044e0ba0/_pagination.scssc: can't dump anonymous class #<Class:0x007ffc673d5188>
Warning. Error encountered while saving cache /Users/test/Desktop/rails-projects/sample-app/tmp/cache/sass/4c5a6b9058a6286b96a5971a3a6598d4044e0ba0/_pager.scssc: can't dump anonymous class #<Class:0x007ffc673d5188>
Warning. Error encountered while saving cache /Users/test/Desktop/rails-projects/sample-app/tmp/cache/sass/4c5a6b9058a6286b96a5971a3a6598d4044e0ba0/_modals.scssc: can't dump anonymous class #<Class:0x007ffc673d5188>
Warning. Error encountered while saving cache /Users/test/Desktop/rails-projects/sample-app/tmp/cache/sass/4c5a6b9058a6286b96a5971a3a6598d4044e0ba0/_tooltip.scssc: can't dump anonymous class #<Class:0x007ffc673d5188>
Warning. Error encountered while saving cache /Users/test/Desktop/rails-projects/sample-app/tmp/cache/sass/4c5a6b9058a6286b96a5971a3a6598d4044e0ba0/_popovers.scssc: can't dump anonymous class #<Class:0x007ffc673d5188>
Warning. Error encountered while saving cache /Users/test/Desktop/rails-projects/sample-app/tmp/cache/sass/4c5a6b9058a6286b96a5971a3a6598d4044e0ba0/_thumbnails.scssc: can't dump anonymous class #<Class:0x007ffc673d5188>
Warning. Error encountered while saving cache /Users/test/Desktop/rails-projects/sample-app/tmp/cache/sass/4c5a6b9058a6286b96a5971a3a6598d4044e0ba0/_labels.scssc: can't dump anonymous class #<Class:0x007ffc673d5188>
Warning. Error encountered while saving cache /Users/test/Desktop/rails-projects/sample-app/tmp/cache/sass/4c5a6b9058a6286b96a5971a3a6598d4044e0ba0/_progress-bars.scssc: can't dump anonymous class #<Class:0x007ffc673d5188>
Warning. Error encountered while saving cache /Users/test/Desktop/rails-projects/sample-app/tmp/cache/sass/4c5a6b9058a6286b96a5971a3a6598d4044e0ba0/_accordion.scssc: can't dump anonymous class #<Class:0x007ffc673d5188>
Warning. Error encountered while saving cache /Users/test/Desktop/rails-projects/sample-app/tmp/cache/sass/4c5a6b9058a6286b96a5971a3a6598d4044e0ba0/_carousel.scssc: can't dump anonymous class #<Class:0x007ffc673d5188>
Warning. Error encountered while saving cache /Users/test/Desktop/rails-projects/sample-app/tmp/cache/sass/4c5a6b9058a6286b96a5971a3a6598d4044e0ba0/_hero-unit.scssc: can't dump anonymous class #<Class:0x007ffc673d5188>
Warning. Error encountered while saving cache /Users/test/Desktop/rails-projects/sample-app/tmp/cache/sass/4c5a6b9058a6286b96a5971a3a6598d4044e0ba0/_utilities.scssc: can't dump anonymous class #<Class:0x007ffc673d5188>
Compiled custom.css  (885ms)  (pid 1580)
Warning. Error encountered while saving cache /Users/test/Desktop/rails-projects/sample-app/tmp/cache/sass/6935e823d3f4e90d692106a88e4cb62b447e348f/static_pages.css.scssc: can't dump anonymous class #<Class:0x007ffc673d5188>
Compiled static_pages.css  (1ms)  (pid 1580)
Warning. Error encountered while saving cache /Users/test/Desktop/rails-projects/sample-app/tmp/cache/sass/6935e823d3f4e90d692106a88e4cb62b447e348f/users.css.scssc: can't dump anonymous class #<Class:0x007ffc673d5188>
Compiled users.css  (2ms)  (pid 1580)
Compiled application.css  (908ms)  (pid 1580)
Compiled jquery.js  (13ms)  (pid 1580)
Compiled jquery_ujs.js  (0ms)  (pid 1580)
Compiled static_pages.js  (55ms)  (pid 1580)
Compiled users.js  (72ms)  (pid 1580)
Compiled application.js  (163ms)  (pid 1580)
Warning. Error encountered while saving cache /Users/test/Desktop/rails-projects/sample-app/tmp/cache/sass/6935e823d3f4e90d692106a88e4cb62b447e348f/custom.css.scssc: can't dump anonymous class #<Class:0x007fab5db960f8>
Warning. Error encountered while saving cache /Users/test/Desktop/rails-projects/sample-app/tmp/cache/sass/2d70bcc1632810f46dc13adb7e617f5428de187d/_bootstrap.scssc: can't dump anonymous class #<Class:0x007fab5db960f8>
Warning. Error encountered while saving cache /Users/test/Desktop/rails-projects/sample-app/tmp/cache/sass/4c5a6b9058a6286b96a5971a3a6598d4044e0ba0/_variables.scssc: can't dump anonymous class #<Class:0x007fab5db960f8>
Warning. Error encountered while saving cache /Users/test/Desktop/rails-projects/sample-app/tmp/cache/sass/4c5a6b9058a6286b96a5971a3a6598d4044e0ba0/_mixins.scssc: can't dump anonymous class #<Class:0x007fab5db960f8>
Warning. Error encountered while saving cache /Users/test/Desktop/rails-projects/sample-app/tmp/cache/sass/4c5a6b9058a6286b96a5971a3a6598d4044e0ba0/_reset.scssc: can't dump anonymous class #<Class:0x007fab5db960f8>
Warning. Error encountered while saving cache /Users/test/Desktop/rails-projects/sample-app/tmp/cache/sass/4c5a6b9058a6286b96a5971a3a6598d4044e0ba0/_scaffolding.scssc: can't dump anonymous class #<Class:0x007fab5db960f8>
Warning. Error encountered while saving cache /Users/test/Desktop/rails-projects/sample-app/tmp/cache/sass/4c5a6b9058a6286b96a5971a3a6598d4044e0ba0/_grid.scssc: can't dump anonymous class #<Class:0x007fab5db960f8>
Warning. Error encountered while saving cache /Users/test/Desktop/rails-projects/sample-app/tmp/cache/sass/4c5a6b9058a6286b96a5971a3a6598d4044e0ba0/_layouts.scssc: can't dump anonymous class #<Class:0x007fab5db960f8>
Warning. Error encountered while saving cache /Users/test/Desktop/rails-projects/sample-app/tmp/cache/sass/4c5a6b9058a6286b96a5971a3a6598d4044e0ba0/_type.scssc: can't dump anonymous class #<Class:0x007fab5db960f8>
Warning. Error encountered while saving cache /Users/test/Desktop/rails-projects/sample-app/tmp/cache/sass/4c5a6b9058a6286b96a5971a3a6598d4044e0ba0/_code.scssc: can't dump anonymous class #<Class:0x007fab5db960f8>
Warning. Error encountered while saving cache /Users/test/Desktop/rails-projects/sample-app/tmp/cache/sass/4c5a6b9058a6286b96a5971a3a6598d4044e0ba0/_forms.scssc: can't dump anonymous class #<Class:0x007fab5db960f8>
Warning. Error encountered while saving cache /Users/test/Desktop/rails-projects/sample-app/tmp/cache/sass/4c5a6b9058a6286b96a5971a3a6598d4044e0ba0/_tables.scssc: can't dump anonymous class #<Class:0x007fab5db960f8>
Warning. Error encountered while saving cache /Users/test/Desktop/rails-projects/sample-app/tmp/cache/sass/4c5a6b9058a6286b96a5971a3a6598d4044e0ba0/_sprites.scssc: can't dump anonymous class #<Class:0x007fab5db960f8>
Warning. Error encountered while saving cache /Users/test/Desktop/rails-projects/sample-app/tmp/cache/sass/4c5a6b9058a6286b96a5971a3a6598d4044e0ba0/_dropdowns.scssc: can't dump anonymous class #<Class:0x007fab5db960f8>
Warning. Error encountered while saving cache /Users/test/Desktop/rails-projects/sample-app/tmp/cache/sass/4c5a6b9058a6286b96a5971a3a6598d4044e0ba0/_wells.scssc: can't dump anonymous class #<Class:0x007fab5db960f8>
Warning. Error encountered while saving cache /Users/test/Desktop/rails-projects/sample-app/tmp/cache/sass/4c5a6b9058a6286b96a5971a3a6598d4044e0ba0/_component-animations.scssc: can't dump anonymous class #<Class:0x007fab5db960f8>
Warning. Error encountered while saving cache /Users/test/Desktop/rails-projects/sample-app/tmp/cache/sass/4c5a6b9058a6286b96a5971a3a6598d4044e0ba0/_close.scssc: can't dump anonymous class #<Class:0x007fab5db960f8>
Warning. Error encountered while saving cache /Users/test/Desktop/rails-projects/sample-app/tmp/cache/sass/4c5a6b9058a6286b96a5971a3a6598d4044e0ba0/_buttons.scssc: can't dump anonymous class #<Class:0x007fab5db960f8>
Warning. Error encountered while saving cache /Users/test/Desktop/rails-projects/sample-app/tmp/cache/sass/4c5a6b9058a6286b96a5971a3a6598d4044e0ba0/_button-groups.scssc: can't dump anonymous class #<Class:0x007fab5db960f8>
Warning. Error encountered while saving cache /Users/test/Desktop/rails-projects/sample-app/tmp/cache/sass/4c5a6b9058a6286b96a5971a3a6598d4044e0ba0/_alerts.scssc: can't dump anonymous class #<Class:0x007fab5db960f8>
Warning. Error encountered while saving cache /Users/test/Desktop/rails-projects/sample-app/tmp/cache/sass/4c5a6b9058a6286b96a5971a3a6598d4044e0ba0/_navs.scssc: can't dump anonymous class #<Class:0x007fab5db960f8>
Warning. Error encountered while saving cache /Users/test/Desktop/rails-projects/sample-app/tmp/cache/sass/4c5a6b9058a6286b96a5971a3a6598d4044e0ba0/_navbar.scssc: can't dump anonymous class #<Class:0x007fab5db960f8>
Warning. Error encountered while saving cache /Users/test/Desktop/rails-projects/sample-app/tmp/cache/sass/4c5a6b9058a6286b96a5971a3a6598d4044e0ba0/_breadcrumbs.scssc: can't dump anonymous class #<Class:0x007fab5db960f8>
Warning. Error encountered while saving cache /Users/test/Desktop/rails-projects/sample-app/tmp/cache/sass/4c5a6b9058a6286b96a5971a3a6598d4044e0ba0/_pagination.scssc: can't dump anonymous class #<Class:0x007fab5db960f8>
Warning. Error encountered while saving cache /Users/test/Desktop/rails-projects/sample-app/tmp/cache/sass/4c5a6b9058a6286b96a5971a3a6598d4044e0ba0/_pager.scssc: can't dump anonymous class #<Class:0x007fab5db960f8>
Warning. Error encountered while saving cache /Users/test/Desktop/rails-projects/sample-app/tmp/cache/sass/4c5a6b9058a6286b96a5971a3a6598d4044e0ba0/_modals.scssc: can't dump anonymous class #<Class:0x007fab5db960f8>
Warning. Error encountered while saving cache /Users/test/Desktop/rails-projects/sample-app/tmp/cache/sass/4c5a6b9058a6286b96a5971a3a6598d4044e0ba0/_tooltip.scssc: can't dump anonymous class #<Class:0x007fab5db960f8>
Warning. Error encountered while saving cache /Users/test/Desktop/rails-projects/sample-app/tmp/cache/sass/4c5a6b9058a6286b96a5971a3a6598d4044e0ba0/_popovers.scssc: can't dump anonymous class #<Class:0x007fab5db960f8>
Warning. Error encountered while saving cache /Users/test/Desktop/rails-projects/sample-app/tmp/cache/sass/4c5a6b9058a6286b96a5971a3a6598d4044e0ba0/_thumbnails.scssc: can't dump anonymous class #<Class:0x007fab5db960f8>
Warning. Error encountered while saving cache /Users/test/Desktop/rails-projects/sample-app/tmp/cache/sass/4c5a6b9058a6286b96a5971a3a6598d4044e0ba0/_labels.scssc: can't dump anonymous class #<Class:0x007fab5db960f8>
Warning. Error encountered while saving cache /Users/test/Desktop/rails-projects/sample-app/tmp/cache/sass/4c5a6b9058a6286b96a5971a3a6598d4044e0ba0/_progress-bars.scssc: can't dump anonymous class #<Class:0x007fab5db960f8>
Warning. Error encountered while saving cache /Users/test/Desktop/rails-projects/sample-app/tmp/cache/sass/4c5a6b9058a6286b96a5971a3a6598d4044e0ba0/_accordion.scssc: can't dump anonymous class #<Class:0x007fab5db960f8>
Warning. Error encountered while saving cache /Users/test/Desktop/rails-projects/sample-app/tmp/cache/sass/4c5a6b9058a6286b96a5971a3a6598d4044e0ba0/_carousel.scssc: can't dump anonymous class #<Class:0x007fab5db960f8>
Warning. Error encountered while saving cache /Users/test/Desktop/rails-projects/sample-app/tmp/cache/sass/4c5a6b9058a6286b96a5971a3a6598d4044e0ba0/_hero-unit.scssc: can't dump anonymous class #<Class:0x007fab5db960f8>
Warning. Error encountered while saving cache /Users/test/Desktop/rails-projects/sample-app/tmp/cache/sass/4c5a6b9058a6286b96a5971a3a6598d4044e0ba0/_utilities.scssc: can't dump anonymous class #<Class:0x007fab5db960f8>
Compiled custom.css  (879ms)  (pid 1580)
Warning. Error encountered while saving cache /Users/test/Desktop/rails-projects/sample-app/tmp/cache/sass/6935e823d3f4e90d692106a88e4cb62b447e348f/static_pages.css.scssc: can't dump anonymous class #<Class:0x007fab5db960f8>
Compiled static_pages.css  (1ms)  (pid 1580)
Warning. Error encountered while saving cache /Users/test/Desktop/rails-projects/sample-app/tmp/cache/sass/6935e823d3f4e90d692106a88e4cb62b447e348f/users.css.scssc: can't dump anonymous class #<Class:0x007fab5db960f8>
Compiled users.css  (1ms)  (pid 1580)
Compiled application.css  (897ms)  (pid 1580)
